<?xml version="1.0" encoding="UTF-8"?>
<!-- Generated by org.testng.reporters.JUnitXMLReporter -->
<testsuite hostname="Pradeep-Chakrawarti" failures="0" tests="6" name="Default test" time="75.526" errors="0" timestamp="27 Jan 2024 07:15:58 GMT">
  <testcase classname="Group_FP.Extract_1one" name="regirstration" time="8.683"/>
  <testcase classname="Group_FP.Extract_1one" name="regirstration" time="8.659"/>
  <testcase classname="Group_FP.Extract_1one" name="regirstration" time="8.581"/>
  <testcase classname="Group_FP.Extract_1one" name="regirstration" time="8.525"/>
  <testcase classname="Group_FP.Extract_1one" name="regirstration" time="8.591"/>
  <testcase classname="Group_FP.Extract_1one" name="regirstration" time="8.539"/>
</testsuite> <!-- Default test -->
