<?xml version="1.0" encoding="UTF-8"?>
<testng-results total="6" passed="6" failed="0" skipped="0">
  <reporter-output>
  </reporter-output>
  <suite started-at="2024-01-27T07:14:42Z" name="Default suite" finished-at="2024-01-27T07:15:58Z" duration-ms="75526">
    <groups>
    </groups>
    <test started-at="2024-01-27T07:14:42Z" name="Default test" finished-at="2024-01-27T07:15:58Z" duration-ms="75526">
      <class name="Group_FP.Extract_1one">
        <test-method is-config="true" signature="setup()[pri:0, instance:Group_FP.Extract_1one@73cd37c0]" started-at="2024-01-27T12:44:43Z" name="setup" finished-at="2024-01-27T12:44:48Z" duration-ms="5093" status="PASS">
          <reporter-output>
          </reporter-output>
        </test-method> <!-- setup -->
        <test-method signature="regirstration(java.lang.String, java.lang.String, java.lang.String, java.lang.String, java.lang.String, java.lang.String)[pri:0, instance:Group_FP.Extract_1one@73cd37c0]" started-at="2024-01-27T12:44:48Z" name="regirstration" data-provider="getdata" finished-at="2024-01-27T12:44:57Z" duration-ms="8683" status="PASS">
          <params>
            <param index="0">
              <value>
                <![CDATA[Pradeep ]]>
              </value>
            </param>
            <param index="1">
              <value>
                <![CDATA[Chakrawarti]]>
              </value>
            </param>
            <param index="2">
              <value>
                <![CDATA[pradeep@gmail.com]]>
              </value>
            </param>
            <param index="3">
              <value>
                <![CDATA[Wundermen Thomsun]]>
              </value>
            </param>
            <param index="4">
              <value>
                <![CDATA[pradeep@2000]]>
              </value>
            </param>
            <param index="5">
              <value>
                <![CDATA[pradeep@2000]]>
              </value>
            </param>
          </params>
          <reporter-output>
          </reporter-output>
        </test-method> <!-- regirstration -->
        <test-method is-config="true" signature="tearUp()[pri:0, instance:Group_FP.Extract_1one@73cd37c0]" started-at="2024-01-27T12:44:57Z" name="tearUp" finished-at="2024-01-27T12:44:57Z" duration-ms="156" status="PASS">
          <reporter-output>
          </reporter-output>
        </test-method> <!-- tearUp -->
        <test-method is-config="true" signature="setup()[pri:0, instance:Group_FP.Extract_1one@73cd37c0]" started-at="2024-01-27T12:44:57Z" name="setup" finished-at="2024-01-27T12:45:01Z" duration-ms="3497" status="PASS">
          <reporter-output>
          </reporter-output>
        </test-method> <!-- setup -->
        <test-method signature="regirstration(java.lang.String, java.lang.String, java.lang.String, java.lang.String, java.lang.String, java.lang.String)[pri:0, instance:Group_FP.Extract_1one@73cd37c0]" started-at="2024-01-27T12:45:01Z" name="regirstration" data-provider="getdata" finished-at="2024-01-27T12:45:09Z" duration-ms="8659" status="PASS">
          <params>
            <param index="0">
              <value>
                <![CDATA[Arman]]>
              </value>
            </param>
            <param index="1">
              <value>
                <![CDATA[Khan]]>
              </value>
            </param>
            <param index="2">
              <value>
                <![CDATA[arman@gmail.com]]>
              </value>
            </param>
            <param index="3">
              <value>
                <![CDATA[Knight Frame]]>
              </value>
            </param>
            <param index="4">
              <value>
                <![CDATA[arman@khan]]>
              </value>
            </param>
            <param index="5">
              <value>
                <![CDATA[arman@khan]]>
              </value>
            </param>
          </params>
          <reporter-output>
          </reporter-output>
        </test-method> <!-- regirstration -->
        <test-method is-config="true" signature="tearUp()[pri:0, instance:Group_FP.Extract_1one@73cd37c0]" started-at="2024-01-27T12:45:09Z" name="tearUp" finished-at="2024-01-27T12:45:10Z" duration-ms="129" status="PASS">
          <reporter-output>
          </reporter-output>
        </test-method> <!-- tearUp -->
        <test-method is-config="true" signature="setup()[pri:0, instance:Group_FP.Extract_1one@73cd37c0]" started-at="2024-01-27T12:45:10Z" name="setup" finished-at="2024-01-27T12:45:13Z" duration-ms="3563" status="PASS">
          <reporter-output>
          </reporter-output>
        </test-method> <!-- setup -->
        <test-method signature="regirstration(java.lang.String, java.lang.String, java.lang.String, java.lang.String, java.lang.String, java.lang.String)[pri:0, instance:Group_FP.Extract_1one@73cd37c0]" started-at="2024-01-27T12:45:13Z" name="regirstration" data-provider="getdata" finished-at="2024-01-27T12:45:22Z" duration-ms="8581" status="PASS">
          <params>
            <param index="0">
              <value>
                <![CDATA[Nihal]]>
              </value>
            </param>
            <param index="1">
              <value>
                <![CDATA[Chavla]]>
              </value>
            </param>
            <param index="2">
              <value>
                <![CDATA[niahl@gmail.com]]>
              </value>
            </param>
            <param index="3">
              <value>
                <![CDATA[Google]]>
              </value>
            </param>
            <param index="4">
              <value>
                <![CDATA[nihal@2026]]>
              </value>
            </param>
            <param index="5">
              <value>
                <![CDATA[nihal@2026]]>
              </value>
            </param>
          </params>
          <reporter-output>
          </reporter-output>
        </test-method> <!-- regirstration -->
        <test-method is-config="true" signature="tearUp()[pri:0, instance:Group_FP.Extract_1one@73cd37c0]" started-at="2024-01-27T12:45:22Z" name="tearUp" finished-at="2024-01-27T12:45:22Z" duration-ms="108" status="PASS">
          <reporter-output>
          </reporter-output>
        </test-method> <!-- tearUp -->
        <test-method is-config="true" signature="setup()[pri:0, instance:Group_FP.Extract_1one@73cd37c0]" started-at="2024-01-27T12:45:22Z" name="setup" finished-at="2024-01-27T12:45:25Z" duration-ms="3425" status="PASS">
          <reporter-output>
          </reporter-output>
        </test-method> <!-- setup -->
        <test-method signature="regirstration(java.lang.String, java.lang.String, java.lang.String, java.lang.String, java.lang.String, java.lang.String)[pri:0, instance:Group_FP.Extract_1one@73cd37c0]" started-at="2024-01-27T12:45:25Z" name="regirstration" data-provider="getdata" finished-at="2024-01-27T12:45:34Z" duration-ms="8525" status="PASS">
          <params>
            <param index="0">
              <value>
                <![CDATA[Diksha]]>
              </value>
            </param>
            <param index="1">
              <value>
                <![CDATA[Chakrawarti]]>
              </value>
            </param>
            <param index="2">
              <value>
                <![CDATA[dikshu@gmail.com]]>
              </value>
            </param>
            <param index="3">
              <value>
                <![CDATA[Apple]]>
              </value>
            </param>
            <param index="4">
              <value>
                <![CDATA[d@2018]]>
              </value>
            </param>
            <param index="5">
              <value>
                <![CDATA[d@2018]]>
              </value>
            </param>
          </params>
          <reporter-output>
          </reporter-output>
        </test-method> <!-- regirstration -->
        <test-method is-config="true" signature="tearUp()[pri:0, instance:Group_FP.Extract_1one@73cd37c0]" started-at="2024-01-27T12:45:34Z" name="tearUp" finished-at="2024-01-27T12:45:34Z" duration-ms="116" status="PASS">
          <reporter-output>
          </reporter-output>
        </test-method> <!-- tearUp -->
        <test-method is-config="true" signature="setup()[pri:0, instance:Group_FP.Extract_1one@73cd37c0]" started-at="2024-01-27T12:45:34Z" name="setup" finished-at="2024-01-27T12:45:38Z" duration-ms="3593" status="PASS">
          <reporter-output>
          </reporter-output>
        </test-method> <!-- setup -->
        <test-method signature="regirstration(java.lang.String, java.lang.String, java.lang.String, java.lang.String, java.lang.String, java.lang.String)[pri:0, instance:Group_FP.Extract_1one@73cd37c0]" started-at="2024-01-27T12:45:38Z" name="regirstration" data-provider="getdata" finished-at="2024-01-27T12:45:46Z" duration-ms="8591" status="PASS">
          <params>
            <param index="0">
              <value>
                <![CDATA[Anamika]]>
              </value>
            </param>
            <param index="1">
              <value>
                <![CDATA[Chakrawarti]]>
              </value>
            </param>
            <param index="2">
              <value>
                <![CDATA[Anu@gmail.com]]>
              </value>
            </param>
            <param index="3">
              <value>
                <![CDATA[Microsoft]]>
              </value>
            </param>
            <param index="4">
              <value>
                <![CDATA[anu@2003]]>
              </value>
            </param>
            <param index="5">
              <value>
                <![CDATA[anu@2003]]>
              </value>
            </param>
          </params>
          <reporter-output>
          </reporter-output>
        </test-method> <!-- regirstration -->
        <test-method is-config="true" signature="tearUp()[pri:0, instance:Group_FP.Extract_1one@73cd37c0]" started-at="2024-01-27T12:45:46Z" name="tearUp" finished-at="2024-01-27T12:45:46Z" duration-ms="105" status="PASS">
          <reporter-output>
          </reporter-output>
        </test-method> <!-- tearUp -->
        <test-method is-config="true" signature="setup()[pri:0, instance:Group_FP.Extract_1one@73cd37c0]" started-at="2024-01-27T12:45:46Z" name="setup" finished-at="2024-01-27T12:45:49Z" duration-ms="2902" status="PASS">
          <reporter-output>
          </reporter-output>
        </test-method> <!-- setup -->
        <test-method signature="regirstration(java.lang.String, java.lang.String, java.lang.String, java.lang.String, java.lang.String, java.lang.String)[pri:0, instance:Group_FP.Extract_1one@73cd37c0]" started-at="2024-01-27T12:45:49Z" name="regirstration" data-provider="getdata" finished-at="2024-01-27T12:45:58Z" duration-ms="8539" status="PASS">
          <params>
            <param index="0">
              <value>
                <![CDATA[Dikshant]]>
              </value>
            </param>
            <param index="1">
              <value>
                <![CDATA[Patil]]>
              </value>
            </param>
            <param index="2">
              <value>
                <![CDATA[D@gmail.com]]>
              </value>
            </param>
            <param index="3">
              <value>
                <![CDATA[Crox.AI]]>
              </value>
            </param>
            <param index="4">
              <value>
                <![CDATA[dk@123]]>
              </value>
            </param>
            <param index="5">
              <value>
                <![CDATA[dk@123]]>
              </value>
            </param>
          </params>
          <reporter-output>
          </reporter-output>
        </test-method> <!-- regirstration -->
        <test-method is-config="true" signature="tearUp()[pri:0, instance:Group_FP.Extract_1one@73cd37c0]" started-at="2024-01-27T12:45:58Z" name="tearUp" finished-at="2024-01-27T12:45:58Z" duration-ms="114" status="PASS">
          <reporter-output>
          </reporter-output>
        </test-method> <!-- tearUp -->
      </class> <!-- Group_FP.Extract_1one -->
    </test> <!-- Default test -->
  </suite> <!-- Default suite -->
</testng-results>
